2021-11-25 21:45:00.081  INFO 16988 --- [scheduling-1] t.e.spring.service.StockServiceImpl      : stock2 en rupture la quantité min est 100 la quant actuelle est 50
2021-11-25 21:45:00.085  INFO 16988 --- [scheduling-1] t.e.spring.service.StockServiceImpl      : stock3 en rupture la quantité min est 200 la quant actuelle est 100
2021-11-25 21:46:00.013  INFO 16988 --- [scheduling-1] t.e.spring.service.StockServiceImpl      : stock2 en rupture la quantité min est 100 la quant actuelle est 50
2021-11-25 21:46:00.013  INFO 16988 --- [scheduling-1] t.e.spring.service.StockServiceImpl      : stock3 en rupture la quantité min est 200 la quant actuelle est 100
2021-11-25 21:47:00.011  INFO 16988 --- [scheduling-1] t.e.spring.service.StockServiceImpl      : stock2 en rupture la quantité min est 100 la quant actuelle est 50
2021-11-25 21:47:00.013  INFO 16988 --- [scheduling-1] t.e.spring.service.StockServiceImpl      : stock3 en rupture la quantité min est 200 la quant actuelle est 100
2021-11-25 21:48:00.014  INFO 16988 --- [scheduling-1] t.e.spring.service.StockServiceImpl      : stock2 en rupture la quantité min est 100 la quant actuelle est 50
2021-11-25 21:48:00.015  INFO 16988 --- [scheduling-1] t.e.spring.service.StockServiceImpl      : stock3 en rupture la quantité min est 200 la quant actuelle est 100
2021-11-25 21:49:00.018  INFO 16988 --- [scheduling-1] t.e.spring.service.StockServiceImpl      : stock2 en rupture la quantité min est 100 la quant actuelle est 50
2021-11-25 21:49:00.018  INFO 16988 --- [scheduling-1] t.e.spring.service.StockServiceImpl      : stock3 en rupture la quantité min est 200 la quant actuelle est 100
2021-11-25 21:50:00.006  INFO 16988 --- [scheduling-1] t.e.spring.service.StockServiceImpl      : stock2 en rupture la quantité min est 100 la quant actuelle est 50
2021-11-25 21:50:00.006  INFO 16988 --- [scheduling-1] t.e.spring.service.StockServiceImpl      : stock3 en rupture la quantité min est 200 la quant actuelle est 100
2021-11-25 21:51:00.012  INFO 16988 --- [scheduling-1] t.e.spring.service.StockServiceImpl      : stock2 en rupture la quantité min est 100 la quant actuelle est 50
2021-11-25 21:51:00.013  INFO 16988 --- [scheduling-1] t.e.spring.service.StockServiceImpl      : stock3 en rupture la quantité min est 200 la quant actuelle est 100
2021-11-25 21:52:00.005  INFO 16988 --- [scheduling-1] t.e.spring.service.StockServiceImpl      : stock2 en rupture la quantité min est 100 la quant actuelle est 50
2021-11-25 21:52:00.005  INFO 16988 --- [scheduling-1] t.e.spring.service.StockServiceImpl      : stock3 en rupture la quantité min est 200 la quant actuelle est 100
2021-11-25 21:53:00.017  INFO 16988 --- [scheduling-1] t.e.spring.service.StockServiceImpl      : stock2 en rupture la quantité min est 100 la quant actuelle est 50
2021-11-25 21:53:00.018  INFO 16988 --- [scheduling-1] t.e.spring.service.StockServiceImpl      : stock3 en rupture la quantité min est 200 la quant actuelle est 100
2021-11-25 21:54:00.007  INFO 16988 --- [scheduling-1] t.e.spring.service.StockServiceImpl      : stock2 en rupture la quantité min est 100 la quant actuelle est 50
2021-11-25 21:54:00.007  INFO 16988 --- [scheduling-1] t.e.spring.service.StockServiceImpl      : stock3 en rupture la quantité min est 200 la quant actuelle est 100
2021-11-25 21:55:00.010  INFO 16988 --- [scheduling-1] t.e.spring.service.StockServiceImpl      : stock2 en rupture la quantité min est 100 la quant actuelle est 50
2021-11-25 21:55:00.011  INFO 16988 --- [scheduling-1] t.e.spring.service.StockServiceImpl      : stock3 en rupture la quantité min est 200 la quant actuelle est 100
2021-11-25 21:55:54.813  INFO 16988 --- [RMI TCP Connection(16)-127.0.0.1] inMXBeanRegistrar$SpringApplicationAdmin : Application shutdown requested.
2021-11-25 21:55:55.210  INFO 16988 --- [RMI TCP Connection(16)-127.0.0.1] j.LocalContainerEntityManagerFactoryBean : Closing JPA EntityManagerFactory for persistence unit 'default'
2021-11-25 21:55:55.214  INFO 16988 --- [RMI TCP Connection(16)-127.0.0.1] com.zaxxer.hikari.HikariDataSource       : HikariPool-1 - Shutdown initiated...
2021-11-25 21:55:55.223  INFO 16988 --- [RMI TCP Connection(16)-127.0.0.1] com.zaxxer.hikari.HikariDataSource       : HikariPool-1 - Shutdown completed.
